2026-02-24 11:40:30 INFO  o.h.validator.internal.util.Version - HV000001: Hibernate Validator 8.0.3.Final
 2026-02-24 11:40:31 INFO  g.a.c.schoolapp.SchoolappApplication - Starting SchoolappApplication using Java 21.0.8 with PID 24416 (C:\Users\User\IdeaProjects\schoolapp\build\classes\java\main started by User in C:\Users\User\IdeaProjects\schoolapp)
 2026-02-24 11:40:31 INFO  g.a.c.schoolapp.SchoolappApplication - The following 1 profile is active: "dev"
 2026-02-24 11:40:31 INFO  o.s.b.d.e.DevToolsPropertyDefaultsPostProcessor - Devtools property defaults active! Set 'spring.devtools.add-properties' to 'false' to disable
 2026-02-24 11:40:31 INFO  o.s.b.d.e.DevToolsPropertyDefaultsPostProcessor - For additional web related logging consider setting the 'logging.level.web' property to 'DEBUG'
 2026-02-24 11:40:32 INFO  o.s.d.r.c.RepositoryConfigurationDelegate - Bootstrapping Spring Data JPA repositories in DEFAULT mode.
 2026-02-24 11:40:32 INFO  o.s.d.r.c.RepositoryConfigurationDelegate - Finished Spring Data repository scanning in 99 ms. Found 5 JPA repository interfaces.
 2026-02-24 11:40:34 INFO  o.s.b.w.e.tomcat.TomcatWebServer - Tomcat initialized with port 8080 (http)
 2026-02-24 11:40:34 INFO  o.s.b.w.s.c.ServletWebServerApplicationContext - Root WebApplicationContext: initialization completed in 3044 ms
 2026-02-24 11:40:35 INFO  org.flywaydb.core.FlywayExecutor - Database: jdbc:mysql://localhost:3306/school9ssr?useSSL=true&serverTimezone=UTC (MySQL 8.0)
 2026-02-24 11:40:36 INFO  o.f.core.internal.command.DbValidate - Successfully validated 6 migrations (execution time 00:00.129s)
 2026-02-24 11:40:36 INFO  o.f.core.internal.command.DbMigrate - Current version of schema `school9ssr`: 4
 2026-02-24 11:40:36 INFO  o.f.core.internal.command.DbMigrate - Migrating schema `school9ssr` to version "5 - create users roles capabilities indexes"
 2026-02-24 11:40:36 WARN  o.f.c.i.s.DefaultSqlScriptExecutor - DB: Integer display width is deprecated and will be removed in a future release. (SQL State: HY000 - Error Code: 1681)
 2026-02-24 11:40:36 INFO  o.f.core.internal.command.DbMigrate - Migrating schema `school9ssr` to version "6 - insert roles capabilites"
 2026-02-24 11:40:36 INFO  o.f.core.internal.command.DbMigrate - Successfully applied 2 migrations to schema `school9ssr`, now at version v6 (execution time 00:00.368s)
 2026-02-24 11:40:37 INFO  org.hibernate.Version - HHH000412: Hibernate ORM core version 6.6.41.Final
 2026-02-24 11:40:37 INFO  o.h.c.i.RegionFactoryInitiator - HHH000026: Second-level cache disabled
 2026-02-24 11:40:37 INFO  o.s.o.j.p.SpringPersistenceUnitInfo - No LoadTimeWeaver setup: ignoring JPA class transformer
 2026-02-24 11:40:37 WARN  org.hibernate.orm.deprecation - HHH90000025: MySQL8Dialect does not need to be specified explicitly using 'hibernate.dialect' (remove the property setting and it will be selected by default)
 2026-02-24 11:40:37 WARN  org.hibernate.orm.deprecation - HHH90000026: MySQL8Dialect has been deprecated; use org.hibernate.dialect.MySQLDialect instead
 2026-02-24 11:40:37 INFO  o.hibernate.orm.connections.pooling - HHH10001005: Database info:
	Database JDBC URL [Connecting through datasource 'HikariDataSource (HikariPool-1)']
	Database driver: undefined/unknown
	Database version: 8.0
	Autocommit mode: undefined/unknown
	Isolation level: undefined/unknown
	Minimum pool size: undefined/unknown
	Maximum pool size: undefined/unknown
 2026-02-24 11:40:39 INFO  o.h.e.t.j.p.i.JtaPlatformInitiator - HHH000489: No JTA platform available (set 'hibernate.transaction.jta.platform' to enable JTA platform integration)
 2026-02-24 11:40:39 INFO  o.s.o.j.LocalContainerEntityManagerFactoryBean - Initialized JPA EntityManagerFactory for persistence unit 'default'
 2026-02-24 11:40:39 INFO  o.s.b.a.w.s.WelcomePageHandlerMapping - Adding welcome page template: index
 2026-02-24 11:40:40 INFO  o.s.s.c.a.a.c.InitializeUserDetailsBeanManagerConfigurer$InitializeUserDetailsManagerConfigurer - Global AuthenticationManager configured with UserDetailsService bean with name customUserDetailsService
 2026-02-24 11:40:40 WARN  o.s.s.c.a.w.c.AuthorizeHttpRequestsConfigurer$AuthorizationManagerRequestMatcherRegistry - One of the patterns in [/, index.html] is missing a leading slash. This is discouraged; please include the leading slash in all your request matcher patterns. In future versions of Spring Security, leaving out the leading slash will result in an exception.
 2026-02-24 11:40:40 INFO  o.s.b.d.a.OptionalLiveReloadServer - LiveReload server is running on port 35729
 2026-02-24 11:40:40 INFO  o.s.b.w.e.tomcat.TomcatWebServer - Tomcat started on port 8080 (http) with context path '/'
 2026-02-24 11:40:40 INFO  g.a.c.schoolapp.SchoolappApplication - Started SchoolappApplication in 10.469 seconds (process running for 11.107)
 